[0;34m=== ADIN2111 Static Code Analysis ===[0m
Project: /home/murr2k/projects/ADIN2111
Driver:  /home/murr2k/projects/ADIN2111/drivers/net/ethernet/adi/adin2111
Output:  /home/murr2k/projects/ADIN2111/analysis


[1;33m=== CppCheck Analysis ===[0m
Running cppcheck...
Cppcheck 2.7
Checking /home/murr2k/projects/ADIN2111/drivers/net/ethernet/adi/adin2111/adin2111.c ...
Checking /home/murr2k/projects/ADIN2111/drivers/net/ethernet/adi/adin2111/adin2111.c: CONFIG_ADIN2111_DEBUG...
1/4 files checked 39% done
Checking /home/murr2k/projects/ADIN2111/drivers/net/ethernet/adi/adin2111/adin2111_mdio.c ...
Checking /home/murr2k/projects/ADIN2111/drivers/net/ethernet/adi/adin2111/adin2111_mdio.c: CONFIG_ADIN2111_DEBUG...
2/4 files checked 57% done
Checking /home/murr2k/projects/ADIN2111/drivers/net/ethernet/adi/adin2111/adin2111_netdev.c ...
Checking /home/murr2k/projects/ADIN2111/drivers/net/ethernet/adi/adin2111/adin2111_netdev.c: CONFIG_ADIN2111_DEBUG...
3/4 files checked 88% done
Checking /home/murr2k/projects/ADIN2111/drivers/net/ethernet/adi/adin2111/adin2111_spi.c ...
Checking /home/murr2k/projects/ADIN2111/drivers/net/ethernet/adi/adin2111/adin2111_spi.c: CONFIG_ADIN2111_DEBUG...
4/4 files checked 100% done
Checking /home/murr2k/projects/ADIN2111/drivers/net/ethernet/adi/adin2111/adin2111.c ...
Checking /home/murr2k/projects/ADIN2111/drivers/net/ethernet/adi/adin2111/adin2111.c: CONFIG_ADIN2111_DEBUG...
1/4 files checked 39% done
Checking /home/murr2k/projects/ADIN2111/drivers/net/ethernet/adi/adin2111/adin2111_mdio.c ...
Checking /home/murr2k/projects/ADIN2111/drivers/net/ethernet/adi/adin2111/adin2111_mdio.c: CONFIG_ADIN2111_DEBUG...
2/4 files checked 57% done
Checking /home/murr2k/projects/ADIN2111/drivers/net/ethernet/adi/adin2111/adin2111_netdev.c ...
Checking /home/murr2k/projects/ADIN2111/drivers/net/ethernet/adi/adin2111/adin2111_netdev.c: CONFIG_ADIN2111_DEBUG...
3/4 files checked 88% done
Checking /home/murr2k/projects/ADIN2111/drivers/net/ethernet/adi/adin2111/adin2111_spi.c ...
Checking /home/murr2k/projects/ADIN2111/drivers/net/ethernet/adi/adin2111/adin2111_spi.c: CONFIG_ADIN2111_DEBUG...
4/4 files checked 100% done
[0;32m✓ CppCheck analysis complete[0m
  Errors: 0
0
  Warnings: 0
0
  Style: 9

[1;33m=== Linux Kernel Checkpatch Analysis ===[0m
Running checkpatch.pl...
  Checking adin2111.c...
  Checking adin2111_mdio.c...
  Checking adin2111_netdev.c...
  Checking adin2111_spi.c...
[0;32m✓ Checkpatch analysis complete[0m
  Errors: 3
  Warnings: 17

[1;33m=== Custom Kernel Driver Analysis ===[0m
Running custom driver checks...
[0;32m✓ Custom analysis complete[0m
  Potential issues: 309

[1;33m=== Analysis Summary ===[0m
./analysis/static_analysis.sh: line 171: 0
0: syntax error in expression (error token is "0")
